<?xml version="1.0" encoding="UTF-8"?>
<!-- Generated by org.testng.reporters.JUnitReportReporter -->
<testsuite hostname="LAPTOP-R3A2COG5" failures="0" tests="11" name="BaseTest.genral_TestCases" time="109.750" errors="0" timestamp="17 Feb 2023 12:09:22 GMT" skipped="0">
  <testcase classname="BaseTest.genral_TestCases" name="verify_upload_file" time="16.396"/>
  <testcase classname="BaseTest.genral_TestCases" name="verify_Csv_Checkbox" time="21.007"/>
  <testcase classname="BaseTest.genral_TestCases" name="verify_UTM_sampledata" time="14.842"/>
  <testcase classname="BaseTest.genral_TestCases" name="verify_latlong_sampledata" time="10.244"/>
  <testcase classname="BaseTest.genral_TestCases" name="verify_satalliteview" time="6.238"/>
  <testcase classname="BaseTest.genral_TestCases" name="veify_uploadfile_Button" time="4.743"/>
  <testcase classname="BaseTest.genral_TestCases" name="verifyTitle" time="5.927"/>
  <testcase classname="BaseTest.genral_TestCases" name="verify_Kml_Checkbox" time="9.845"/>
  <testcase classname="BaseTest.genral_TestCases" name="verfiyZoom_in_ZoomOut" time="5.914"/>
  <testcase classname="BaseTest.genral_TestCases" name="verfiy_Mapview" time="8.975"/>
  <testcase classname="BaseTest.genral_TestCases" name="verify_paste_manual" time="5.619"/>
</testsuite> <!-- BaseTest.genral_TestCases -->
