<?xml version="1.0" encoding="UTF-8"?>
<!-- Generated by org.testng.reporters.JUnitReportReporter -->
<testsuite hostname="LAPTOP-R3A2COG5" failures="0" tests="9" name="BaseTest.Testclass" time="106.245" errors="0" timestamp="23 Jan 2023 04:43:17 GMT" skipped="0">
  <testcase classname="BaseTest.Testclass" name="verfiy_forinvalid_long_file" time="7.893"/>
  <testcase classname="BaseTest.Testclass" name="verify_upload_file" time="16.317"/>
  <testcase classname="BaseTest.Testclass" name="verify_data_manually" time="15.323"/>
  <testcase classname="BaseTest.Testclass" name="verify_for_latoutofbound" time="6.054"/>
  <testcase classname="BaseTest.Testclass" name="gettitle" time="21.101"/>
  <testcase classname="BaseTest.Testclass" name="verify_forinvalid_lat_file" time="6.479"/>
  <testcase classname="BaseTest.Testclass" name="verify_for_laonoutofbound" time="23.445"/>
  <testcase classname="BaseTest.Testclass" name="verify_validfile_withlatlong" time="5.131"/>
  <testcase classname="BaseTest.Testclass" name="verfiy_validfile_with_one_lablefour_hundread_data" time="4.502"/>
</testsuite> <!-- BaseTest.Testclass -->
