<?xml version="1.0" encoding="UTF-8"?>
<!-- Generated by org.testng.reporters.JUnitReportReporter -->
<testsuite hostname="LAPTOP-R3A2COG5" failures="0" tests="1" name="BaseTest.action_verfiy" time="60.640" errors="0" timestamp="16 Feb 2023 18:39:57 GMT" skipped="0">
  <testcase classname="BaseTest.action_verfiy" name="verfiy_forinvalid_long_file" time="60.640"/>
</testsuite> <!-- BaseTest.action_verfiy -->
