<?xml version="1.0" encoding="UTF-8"?>
<!-- Generated by org.testng.reporters.JUnitReportReporter -->
<testsuite hostname="LAPTOP-R3A2COG5" failures="0" tests="1" name="BaseTest.TestClass002" time="32.675" errors="0" timestamp="19 Jan 2023 10:31:54 GMT" skipped="0">
  <testcase classname="BaseTest.TestClass002" name="verify_upload_file" time="32.675"/>
</testsuite> <!-- BaseTest.TestClass002 -->
