<?xml version="1.0" encoding="UTF-8"?>
<!-- Generated by org.testng.reporters.JUnitReportReporter -->
<testsuite hostname="LAPTOP-R3A2COG5" failures="0" tests="1" name="BaseTest.Test2" time="7.982" errors="0" timestamp="21 Jan 2023 07:34:25 GMT" skipped="0">
  <testcase classname="BaseTest.Test2" name="verify_forinvalid_lat_file" time="7.982"/>
</testsuite> <!-- BaseTest.Test2 -->
