<?xml version="1.0" encoding="UTF-8"?>
<!-- Generated by org.testng.reporters.JUnitReportReporter -->
<testsuite hostname="LAPTOP-R3A2COG5" failures="0" tests="28" name="BaseTest.TestCases_with_different_latLong_headers" time="592.077" errors="0" timestamp="15 Feb 2023 11:43:55 GMT" skipped="0">
  <testcase classname="BaseTest.TestCases_with_different_latLong_headers" name="verifyHeaders09" time="7.251"/>
  <testcase classname="BaseTest.TestCases_with_different_latLong_headers" name="verifyHeaders22" time="23.574"/>
  <testcase classname="BaseTest.TestCases_with_different_latLong_headers" name="verifyHeaders" time="23.694"/>
  <testcase classname="BaseTest.TestCases_with_different_latLong_headers" name="verifyHeaders27" time="8.200"/>
  <testcase classname="BaseTest.TestCases_with_different_latLong_headers" name="verifyHeaders24" time="7.549"/>
  <testcase classname="BaseTest.TestCases_with_different_latLong_headers" name="verifyHeaders14" time="23.733"/>
  <testcase classname="BaseTest.TestCases_with_different_latLong_headers" name="verifyHeaders04" time="23.388"/>
  <testcase classname="BaseTest.TestCases_with_different_latLong_headers" name="verifyHeaders1" time="23.430"/>
  <testcase classname="BaseTest.TestCases_with_different_latLong_headers" name="verifyHeaders13" time="25.055"/>
  <testcase classname="BaseTest.TestCases_with_different_latLong_headers" name="verifyHeaders16" time="7.355"/>
  <testcase classname="BaseTest.TestCases_with_different_latLong_headers" name="verifyHeaders11" time="23.407"/>
  <testcase classname="BaseTest.TestCases_with_different_latLong_headers" name="verifyHeaders10" time="23.795"/>
  <testcase classname="BaseTest.TestCases_with_different_latLong_headers" name="verifyHeaders20" time="23.450"/>
  <testcase classname="BaseTest.TestCases_with_different_latLong_headers" name="verifyHeaders23" time="23.746"/>
  <testcase classname="BaseTest.TestCases_with_different_latLong_headers" name="verifyHeaders15" time="23.224"/>
  <testcase classname="BaseTest.TestCases_with_different_latLong_headers" name="verifyHeaders18" time="7.375"/>
  <testcase classname="BaseTest.TestCases_with_different_latLong_headers" name="verifyHeaders21" time="23.287"/>
  <testcase classname="BaseTest.TestCases_with_different_latLong_headers" name="verifyHeaders12" time="7.813"/>
  <testcase classname="BaseTest.TestCases_with_different_latLong_headers" name="verifyHeaders06" time="23.341"/>
  <testcase classname="BaseTest.TestCases_with_different_latLong_headers" name="verifyHeaders08" time="7.470"/>
  <testcase classname="BaseTest.TestCases_with_different_latLong_headers" name="verifyHeaders17" time="23.228"/>
  <testcase classname="BaseTest.TestCases_with_different_latLong_headers" name="verifyHeaders25" time="23.817"/>
  <testcase classname="BaseTest.TestCases_with_different_latLong_headers" name="verifyHeaders05" time="24.057"/>
  <testcase classname="BaseTest.TestCases_with_different_latLong_headers" name="verifyHeaders02" time="65.856"/>
  <testcase classname="BaseTest.TestCases_with_different_latLong_headers" name="verifyHeaders03" time="23.614"/>
  <testcase classname="BaseTest.TestCases_with_different_latLong_headers" name="verifyHeaders26" time="23.694"/>
  <testcase classname="BaseTest.TestCases_with_different_latLong_headers" name="verifyHeaders19" time="24.418"/>
  <testcase classname="BaseTest.TestCases_with_different_latLong_headers" name="verifyHeaders07" time="23.256"/>
</testsuite> <!-- BaseTest.TestCases_with_different_latLong_headers -->
