<?xml version="1.0" encoding="UTF-8"?>
<!-- Generated by org.testng.reporters.JUnitReportReporter -->
<testsuite hostname="LAPTOP-R3A2COG5" failures="0" tests="10" name="BaseTest.TestCases_withinvalidFile_ErrorMsg" time="55.843" errors="0" timestamp="15 Feb 2023 11:43:55 GMT" skipped="0">
  <testcase classname="BaseTest.TestCases_withinvalidFile_ErrorMsg" name="verfiy_forinvalid_long_file" time="5.418"/>
  <testcase classname="BaseTest.TestCases_withinvalidFile_ErrorMsg" name="verify_DMSlong_OOB" time="5.749"/>
  <testcase classname="BaseTest.TestCases_withinvalidFile_ErrorMsg" name="verify_forinvalid_lat_file" time="5.572"/>
  <testcase classname="BaseTest.TestCases_withinvalidFile_ErrorMsg" name="verify_for_latoutofbound" time="5.599"/>
  <testcase classname="BaseTest.TestCases_withinvalidFile_ErrorMsg" name="verify_for_laonoutofbound" time="5.493"/>
  <testcase classname="BaseTest.TestCases_withinvalidFile_ErrorMsg" name="verfiy_DDlong_OOB" time="5.432"/>
  <testcase classname="BaseTest.TestCases_withinvalidFile_ErrorMsg" name="verify_DMSlat_OOB" time="5.671"/>
  <testcase classname="BaseTest.TestCases_withinvalidFile_ErrorMsg" name="verify_DDMlong_OOB" time="5.460"/>
  <testcase classname="BaseTest.TestCases_withinvalidFile_ErrorMsg" name="verify_DDlat_OOB" time="5.743"/>
  <testcase classname="BaseTest.TestCases_withinvalidFile_ErrorMsg" name="verfiy_DDMlat_OOB" time="5.706"/>
</testsuite> <!-- BaseTest.TestCases_withinvalidFile_ErrorMsg -->
