<?xml version="1.0" encoding="UTF-8"?>
<!-- Generated by org.testng.reporters.JUnitReportReporter -->
<testsuite hostname="LAPTOP-R3A2COG5" failures="0" tests="8" name="BaseTest.TestCases_with_ErrorMsg" time="52.814" errors="0" timestamp="23 Jan 2023 06:17:48 GMT" skipped="0">
  <testcase classname="BaseTest.TestCases_with_ErrorMsg" name="verify_for_laonoutofbound" time="7.130"/>
  <testcase classname="BaseTest.TestCases_with_ErrorMsg" name="verify_for_latoutofbound" time="6.919"/>
  <testcase classname="BaseTest.TestCases_with_ErrorMsg" name="verfiy_forinvalid_long_file" time="7.125"/>
  <testcase classname="BaseTest.TestCases_with_ErrorMsg" name="verfiy_forinvalid_long_file" time="5.537"/>
  <testcase classname="BaseTest.TestCases_with_ErrorMsg" name="verify_forinvalid_lat_file" time="5.402"/>
  <testcase classname="BaseTest.TestCases_with_ErrorMsg" name="verify_forinvalid_lat_file" time="8.151"/>
  <testcase classname="BaseTest.TestCases_with_ErrorMsg" name="verify_for_laonoutofbound" time="5.412"/>
  <testcase classname="BaseTest.TestCases_with_ErrorMsg" name="verify_for_latoutofbound" time="7.138"/>
</testsuite> <!-- BaseTest.TestCases_with_ErrorMsg -->
