<?xml version="1.0" encoding="UTF-8"?>
<!-- Generated by org.testng.reporters.JUnitReportReporter -->
<testsuite hostname="LAPTOP-R3A2COG5" failures="0" tests="5" name="BaseTest.TestCases_with_validFies" time="88.761" errors="0" timestamp="15 Feb 2023 11:43:55 GMT" skipped="0">
  <testcase classname="BaseTest.TestCases_with_validFies" name="verify_valid_DMSsapce_with_twolable_file" time="7.528"/>
  <testcase classname="BaseTest.TestCases_with_validFies" name="verify_valid_DD_file" time="27.102"/>
  <testcase classname="BaseTest.TestCases_with_validFies" name="verify_valid_Dmsspace_file" time="23.383"/>
  <testcase classname="BaseTest.TestCases_with_validFies" name="verify_valid_Dms_file" time="23.289"/>
  <testcase classname="BaseTest.TestCases_with_validFies" name="verify_valid_DDMspace_file" time="7.459"/>
</testsuite> <!-- BaseTest.TestCases_with_validFies -->
