<?xml version="1.0" encoding="UTF-8"?>
<!-- Generated by org.testng.reporters.JUnitReportReporter -->
<testsuite hostname="LAPTOP-R3A2COG5" failures="0" tests="8" name="BaseTest.TestCases_withinvalidFile_ErrorMsg" time="160.659" errors="0" timestamp="04 Feb 2023 21:07:51 GMT" skipped="0">
  <testcase classname="BaseTest.TestCases_withinvalidFile_ErrorMsg" name="verfiy_forinvalid_long_file" time="8.831"/>
  <testcase classname="BaseTest.TestCases_withinvalidFile_ErrorMsg" name="verify_for_laonoutofbound" time="9.342"/>
  <testcase classname="BaseTest.TestCases_withinvalidFile_ErrorMsg" name="verify_forinvalid_lat_file" time="53.179"/>
  <testcase classname="BaseTest.TestCases_withinvalidFile_ErrorMsg" name="verfiy_forinvalid_long_file" time="7.996"/>
  <testcase classname="BaseTest.TestCases_withinvalidFile_ErrorMsg" name="verify_for_laonoutofbound" time="7.725"/>
  <testcase classname="BaseTest.TestCases_withinvalidFile_ErrorMsg" name="verify_for_latoutofbound" time="9.507"/>
  <testcase classname="BaseTest.TestCases_withinvalidFile_ErrorMsg" name="verify_for_latoutofbound" time="55.783"/>
  <testcase classname="BaseTest.TestCases_withinvalidFile_ErrorMsg" name="verify_forinvalid_lat_file" time="8.296"/>
</testsuite> <!-- BaseTest.TestCases_withinvalidFile_ErrorMsg -->
