<?xml version="1.0" encoding="UTF-8"?>
<!-- Generated by org.testng.reporters.JUnitReportReporter -->
<testsuite hostname="LAPTOP-R3A2COG5" failures="0" tests="4" name="BaseTest.action_verfiy" time="58.109" errors="0" timestamp="05 Feb 2023 06:05:06 GMT" skipped="0">
  <testcase classname="BaseTest.action_verfiy" name="verify_UTM_sampledata" time="10.748"/>
  <testcase classname="BaseTest.action_verfiy" name="verify_latlong_sampledata" time="11.098"/>
  <testcase classname="BaseTest.action_verfiy" name="verify_UTM_sampledata" time="25.268"/>
  <testcase classname="BaseTest.action_verfiy" name="verify_latlong_sampledata" time="10.995"/>
</testsuite> <!-- BaseTest.action_verfiy -->
