<?xml version="1.0" encoding="UTF-8"?>
<!-- Generated by org.testng.reporters.JUnitReportReporter -->
<testsuite hostname="LAPTOP-R3A2COG5" failures="0" tests="10" name="BaseTest.TestCases_with_validFies" time="177.691" errors="0" timestamp="30 Jan 2023 06:35:53 GMT" skipped="0">
  <testcase classname="BaseTest.TestCases_with_validFies" name="verify_valid_DDMspace_file" time="6.313"/>
  <testcase classname="BaseTest.TestCases_with_validFies" name="verify_valid_DD_file" time="6.677"/>
  <testcase classname="BaseTest.TestCases_with_validFies" name="verify_valid_Dmsspace_file" time="6.570"/>
  <testcase classname="BaseTest.TestCases_with_validFies" name="verify_valid_DMSsapce_with_twolable_file" time="5.369"/>
  <testcase classname="BaseTest.TestCases_with_validFies" name="verify_valid_DDMspace_file" time="5.068"/>
  <testcase classname="BaseTest.TestCases_with_validFies" name="verify_valid_Dms_file" time="6.584"/>
  <testcase classname="BaseTest.TestCases_with_validFies" name="verify_valid_DD_file" time="49.742"/>
  <testcase classname="BaseTest.TestCases_with_validFies" name="verify_valid_DMSsapce_with_twolable_file" time="49.172"/>
  <testcase classname="BaseTest.TestCases_with_validFies" name="verify_valid_Dmsspace_file" time="21.278"/>
  <testcase classname="BaseTest.TestCases_with_validFies" name="verify_valid_Dms_file" time="20.918"/>
</testsuite> <!-- BaseTest.TestCases_with_validFies -->
