<?xml version="1.0" encoding="UTF-8"?>
<!-- Generated by org.testng.reporters.JUnitReportReporter -->
<testsuite hostname="LAPTOP-R3A2COG5" failures="0" tests="8" name="BaseTest.genral_TestCases" time="166.913" errors="0" timestamp="05 Feb 2023 05:37:38 GMT" skipped="0">
  <testcase classname="BaseTest.genral_TestCases" name="verifyTitle" time="48.257"/>
  <testcase classname="BaseTest.genral_TestCases" name="verify_data_manually" time="10.353"/>
  <testcase classname="BaseTest.genral_TestCases" name="verify_upload_file" time="15.977"/>
  <testcase classname="BaseTest.genral_TestCases" name="veify_uploadfile_Button" time="6.247"/>
  <testcase classname="BaseTest.genral_TestCases" name="verify_upload_file" time="19.138"/>
  <testcase classname="BaseTest.genral_TestCases" name="veify_uploadfile_Button" time="4.952"/>
  <testcase classname="BaseTest.genral_TestCases" name="verifyTitle" time="4.977"/>
  <testcase classname="BaseTest.genral_TestCases" name="verify_data_manually" time="57.012"/>
</testsuite> <!-- BaseTest.genral_TestCases -->
